Arguments: 
  /Users/federicosordillo/.nvm/versions/node/v13.12.0/bin/node /usr/local/Cellar/yarn/1.22.4/libexec/bin/yarn.js init

PATH: 
  /Users/federicosordillo/.nix-profile/bin:/Users/federicosordillo/.nvm/versions/node/v13.12.0/bin:/Users/federicosordillo/.nix-profile/bin:/Users/federicosordillo/.nvm/versions/node/v13.12.0/bin:/usr/local/bin:/usr/bin:/bin:/usr/sbin:/sbin:/usr/local/share/dotnet:~/.dotnet/tools:/Users/federicosordillo/.nix-profile/bin:/Users/federicosordillo/.nvm/versions/node/v13.12.0/bin:/Users/federicosordillo/.local/bin:/usr/local/opt/fzf/bin:/Users/federicosordillo/.local/bin:/Users/federicosordillo/.local/bin

Yarn version: 
  1.22.4

Node version: 
  13.12.0

Platform: 
  darwin x64

Trace: 
  SyntaxError: /Users/federicosordillo/git/ts-endpoint-playground/client/package.json: Unexpected end of JSON input
      at JSON.parse (<anonymous>)
      at /usr/local/Cellar/yarn/1.22.4/libexec/lib/cli.js:1625:59
      at Generator.next (<anonymous>)
      at step (/usr/local/Cellar/yarn/1.22.4/libexec/lib/cli.js:310:30)
      at /usr/local/Cellar/yarn/1.22.4/libexec/lib/cli.js:321:13

npm manifest: 
  

yarn manifest: 
  No manifest

Lockfile: 
  No lockfile
